Arguments: 
  C:\Program Files\nodejs\node.exe C:\Users\uer\AppData\Roaming\npm\node_modules\yarn\bin\yarn.js add express express-filelupload node-json-db pushy

PATH: 
  C:\Program Files\Common Files\Oracle\Java\javapath;C:\Program Files (x86)\Common Files\Oracle\Java\javapath;C:\Windows\system32;C:\Windows;C:\Windows\System32\Wbem;C:\Windows\System32\WindowsPowerShell\v1.0\;C:\Windows\System32\OpenSSH\;C:\Program Files (x86)\NVIDIA Corporation\PhysX\Common;C:\Program Files\NVIDIA Corporation\NVIDIA NvDLISR;C:\WINDOWS\system32;C:\WINDOWS;C:\WINDOWS\System32\Wbem;C:\WINDOWS\System32\WindowsPowerShell\v1.0\;C:\WINDOWS\System32\OpenSSH\;C:\Python\Python39;C:\Users\uer;C:\Program Files\Git\cmd;C:\MinGW\bin;E:\hadoop-2.8.0\bin;C:\Program Files\Go\bin;D:\pig\pig-0.17.0\bin;C:\Users\uer\AppData\Roaming\nvm;C:\Program Files\nodejs;C:\emsdk;C:\emsdk\upstream\emscripten;C:\Program Files\Dart\dart-sdk\bin;D:\Java\jdk-18\bin;C:\Program Files\Docker\Docker\resources\bin;C:\ProgramData\DockerDesktop\version-bin;D:\apache-maven-3.8.6\bin;C:\Program Files\dotnet\;C:\Program Files\PuTTY\;C:\Users\uer\scoop\shims;C:\Program Files\MySQL\MySQL Shell 8.0\bin\;C:\Python\Python39\Scripts\;C:\Python\Python39\;C:\Users\uer\AppData\Local\Microsoft\WindowsApps;C:\Users\uer\AppData\Local\Programs\Microsoft VS Code\bin;E:\Java\jdk\bin;C:\Program Files\heroku\bin;C:\Program Files\MongoDB\Server\4.4\bin;C:\Users\uer\.fly\bin;C:\Users\uer\go\bin;C:\Users\uer\.deta\bin;C:\Users\uer\AppData\Local\Microsoft\WindowsApps;C:\Users\uer\AppData\Roaming\nvm;C:\Users\uer\AppData\Roaming\npm;C:\Users\uer\AppData\Roaming\nvm;C:\Program Files\nodejs;C:\Program Files\JetBrains\IntelliJ IDEA Community Edition 2021.3.2\bin;C:\Users\uer\AppData\Local\Programs\Hyper\resources\bin;C:\Program Files (x86)\Nmap;C:\Users\uer\AppData\Local\Programs\Azure Data Studio\bin

Yarn version: 
  1.22.17

Node version: 
  16.13.1

Platform: 
  win32 x64

Trace: 
  Error: https://registry.yarnpkg.com/express-filelupload: Not found
      at Request.params.callback [as _callback] (C:\Users\uer\AppData\Roaming\npm\node_modules\yarn\lib\cli.js:67029:18)
      at Request.self.callback (C:\Users\uer\AppData\Roaming\npm\node_modules\yarn\lib\cli.js:140883:22)
      at Request.emit (node:events:390:28)
      at Request.<anonymous> (C:\Users\uer\AppData\Roaming\npm\node_modules\yarn\lib\cli.js:141855:10)
      at Request.emit (node:events:390:28)
      at IncomingMessage.<anonymous> (C:\Users\uer\AppData\Roaming\npm\node_modules\yarn\lib\cli.js:141777:12)
      at Object.onceWrapper (node:events:509:28)
      at IncomingMessage.emit (node:events:402:35)
      at endReadableNT (node:internal/streams/readable:1343:12)
      at processTicksAndRejections (node:internal/process/task_queues:83:21)

npm manifest: 
  {
    "name": "contactless-doorbell-backend",
    "version": "0.0.1",
    "description": "backend for contactless doorbell IOT project",
    "main": "server.js",
    "scripts": {
      "test": "echo \"no test configured\"",
      "start": "node server.js"
    },
    "author": "Anish Roy",
    "license": "ISC"
  }

yarn manifest: 
  No manifest

Lockfile: 
  No lockfile
